<?xml version="1.0" encoding="UTF-8"?>
<testng-results ignored="0" total="1" passed="1" failed="0" skipped="0">
  <reporter-output>
  </reporter-output>
  <suite started-at="2022-03-15T16:58:25 IST" name="Default suite" finished-at="2022-03-15T16:58:32 IST" duration-ms="6840">
    <groups>
    </groups>
    <test started-at="2022-03-15T16:58:25 IST" name="Default test" finished-at="2022-03-15T16:58:32 IST" duration-ms="6840">
      <class name="ectentReports.ExtentReports.ExtentReportDemo">
        <test-method is-config="true" signature="configExtentReport()[pri:0, instance:ectentReports.ExtentReports.ExtentReportDemo@2dc54ad4]" started-at="2022-03-15T16:58:25 IST" name="configExtentReport" finished-at="2022-03-15T16:58:26 IST" duration-ms="364" status="PASS">
          <reporter-output>
          </reporter-output>
        </test-method> <!-- configExtentReport -->
        <test-method signature="initialDemo()[pri:0, instance:ectentReports.ExtentReports.ExtentReportDemo@2dc54ad4]" started-at="2022-03-15T16:58:26 IST" name="initialDemo" finished-at="2022-03-15T16:58:32 IST" duration-ms="6428" status="PASS">
          <reporter-output>
          </reporter-output>
        </test-method> <!-- initialDemo -->
      </class> <!-- ectentReports.ExtentReports.ExtentReportDemo -->
    </test> <!-- Default test -->
  </suite> <!-- Default suite -->
</testng-results>
